# JRE version: OpenJDK Runtime Environment (21.0.6) (build 21.0.6+-13391695-b895.109)
# Java VM: OpenJDK 64-Bit Server VM (21.0.6+-13391695-b895.109, mixed mode, tiered, compressed oops, compressed class ptrs, g1 gc, windows-amd64)
GC Precious Log:
 CardTable entry size: 512
 Card Set container configuration: InlinePtr #cards 5 size 8 Array Of Cards #cards 12 size 40 Howl #buckets 4 coarsen threshold 1843 Howl Bitmap #cards 512 size 80 coarsen threshold 460 Card regions per heap region 1 cards per card region 2048
 CPUs: 4 total, 4 available
 Memory: 6058M
 Large Page Support: Disabled
 NUMA Support: Disabled
 Compressed Oops: Enabled (32-bit)
 Heap Region Size: 1M
 Heap Min Capacity: 8M
 Heap Initial Capacity: 96M
 Heap Max Capacity: 2G
 Pre-touch: Disabled
 Parallel Workers: 4
 Concurrent Workers: 1
 Concurrent Refinement Workers: 4
 Periodic GC: Disabled
Heap:
 garbage-first heap   total 342016K, used 273974K [0x0000000080000000, 0x0000000100000000)
  region size 1024K, 67 young (68608K), 4 survivors (4096K)
 Metaspace       used 203882K, committed 206976K, reserved 1245184K
  class space    used 25739K, committed 27328K, reserved 1048576K
GC Heap History (20 events):
Event: 273.276 GC heap before
{Heap before GC invocations=53 (full 0):
 garbage-first heap   total 285696K, used 257588K [0x0000000080000000, 0x0000000100000000)
  region size 1024K, 95 young (97280K), 10 survivors (10240K)
 Metaspace       used 169264K, committed 171968K, reserved 1245184K
  class space    used 21631K, committed 22976K, reserved 1048576K
}
Event: 273.377 GC heap after
{Heap after GC invocations=54 (full 0):
 garbage-first heap   total 285696K, used 177727K [0x0000000080000000, 0x0000000100000000)
  region size 1024K, 6 young (6144K), 6 survivors (6144K)
 Metaspace       used 169264K, committed 171968K, reserved 1245184K
  class space    used 21631K, committed 22976K, reserved 1048576K
}
Event: 306.566 GC heap before
{Heap before GC invocations=55 (full 0):
 garbage-first heap   total 296960K, used 263743K [0x0000000080000000, 0x0000000100000000)
  region size 1024K, 90 young (92160K), 6 survivors (6144K)
 Metaspace       used 169530K, committed 172224K, reserved 1245184K
  class space    used 21652K, committed 22976K, reserved 1048576K
}
Event: 306.606 GC heap after
{Heap after GC invocations=56 (full 0):
 garbage-first heap   total 296960K, used 182847K [0x0000000080000000, 0x0000000100000000)
  region size 1024K, 11 young (11264K), 11 survivors (11264K)
 Metaspace       used 169530K, committed 172224K, reserved 1245184K
  class space    used 21652K, committed 22976K, reserved 1048576K
}
Event: 329.592 GC heap before
{Heap before GC invocations=56 (full 0):
 garbage-first heap   total 296960K, used 270911K [0x0000000080000000, 0x0000000100000000)
  region size 1024K, 96 young (98304K), 11 survivors (11264K)
 Metaspace       used 178345K, committed 181120K, reserved 1245184K
  class space    used 22793K, committed 24192K, reserved 1048576K
}
Event: 329.947 GC heap after
{Heap after GC invocations=57 (full 0):
 garbage-first heap   total 296960K, used 182860K [0x0000000080000000, 0x0000000100000000)
  region size 1024K, 5 young (5120K), 5 survivors (5120K)
 Metaspace       used 178345K, committed 181120K, reserved 1245184K
  class space    used 22793K, committed 24192K, reserved 1048576K
}
Event: 384.474 GC heap before
{Heap before GC invocations=57 (full 0):
 garbage-first heap   total 296960K, used 275020K [0x0000000080000000, 0x0000000100000000)
  region size 1024K, 96 young (98304K), 5 survivors (5120K)
 Metaspace       used 182018K, committed 184832K, reserved 1245184K
  class space    used 23199K, committed 24640K, reserved 1048576K
}
Event: 384.498 GC heap after
{Heap after GC invocations=58 (full 0):
 garbage-first heap   total 296960K, used 190404K [0x0000000080000000, 0x0000000100000000)
  region size 1024K, 12 young (12288K), 12 survivors (12288K)
 Metaspace       used 182018K, committed 184832K, reserved 1245184K
  class space    used 23199K, committed 24640K, reserved 1048576K
}
Event: 402.452 GC heap before
{Heap before GC invocations=59 (full 0):
 garbage-first heap   total 317440K, used 267204K [0x0000000080000000, 0x0000000100000000)
  region size 1024K, 88 young (90112K), 12 survivors (12288K)
 Metaspace       used 186105K, committed 188992K, reserved 1245184K
  class space    used 23698K, committed 25152K, reserved 1048576K
}
Event: 402.694 GC heap after
{Heap after GC invocations=60 (full 0):
 garbage-first heap   total 317440K, used 196072K [0x0000000080000000, 0x0000000100000000)
  region size 1024K, 8 young (8192K), 8 survivors (8192K)
 Metaspace       used 186105K, committed 188992K, reserved 1245184K
  class space    used 23698K, committed 25152K, reserved 1048576K
}
Event: 1253.453 GC heap before
{Heap before GC invocations=60 (full 0):
 garbage-first heap   total 317440K, used 291304K [0x0000000080000000, 0x0000000100000000)
  region size 1024K, 102 young (104448K), 8 survivors (8192K)
 Metaspace       used 195319K, committed 198208K, reserved 1245184K
  class space    used 24730K, committed 26176K, reserved 1048576K
}
Event: 1253.798 GC heap after
{Heap after GC invocations=61 (full 0):
 garbage-first heap   total 317440K, used 193933K [0x0000000080000000, 0x0000000100000000)
  region size 1024K, 8 young (8192K), 8 survivors (8192K)
 Metaspace       used 195319K, committed 198208K, reserved 1245184K
  class space    used 24730K, committed 26176K, reserved 1048576K
}
Event: 1293.186 GC heap before
{Heap before GC invocations=61 (full 0):
 garbage-first heap   total 317440K, used 292237K [0x0000000080000000, 0x0000000100000000)
  region size 1024K, 104 young (106496K), 8 survivors (8192K)
 Metaspace       used 199055K, committed 201984K, reserved 1245184K
  class space    used 25145K, committed 26624K, reserved 1048576K
}
Event: 1293.551 GC heap after
{Heap after GC invocations=62 (full 0):
 garbage-first heap   total 317440K, used 200003K [0x0000000080000000, 0x0000000100000000)
  region size 1024K, 9 young (9216K), 9 survivors (9216K)
 Metaspace       used 199055K, committed 201984K, reserved 1245184K
  class space    used 25145K, committed 26624K, reserved 1048576K
}
Event: 1300.661 GC heap before
{Heap before GC invocations=62 (full 0):
 garbage-first heap   total 317440K, used 259395K [0x0000000080000000, 0x0000000100000000)
  region size 1024K, 67 young (68608K), 9 survivors (9216K)
 Metaspace       used 199557K, committed 202432K, reserved 1245184K
  class space    used 25191K, committed 26624K, reserved 1048576K
}
Event: 1300.932 GC heap after
{Heap after GC invocations=63 (full 0):
 garbage-first heap   total 317440K, used 203989K [0x0000000080000000, 0x0000000100000000)
  region size 1024K, 4 young (4096K), 4 survivors (4096K)
 Metaspace       used 199557K, committed 202432K, reserved 1245184K
  class space    used 25191K, committed 26624K, reserved 1048576K
}
Event: 1354.566 GC heap before
{Heap before GC invocations=64 (full 0):
 garbage-first heap   total 342016K, used 276693K [0x0000000080000000, 0x0000000100000000)
  region size 1024K, 75 young (76800K), 4 survivors (4096K)
 Metaspace       used 200444K, committed 203392K, reserved 1245184K
  class space    used 25287K, committed 26752K, reserved 1048576K
}
Event: 1354.595 GC heap after
{Heap after GC invocations=65 (full 0):
 garbage-first heap   total 342016K, used 209546K [0x0000000080000000, 0x0000000100000000)
  region size 1024K, 10 young (10240K), 10 survivors (10240K)
 Metaspace       used 200444K, committed 203392K, reserved 1245184K
  class space    used 25287K, committed 26752K, reserved 1048576K
}
Event: 1498.012 GC heap before
{Heap before GC invocations=65 (full 0):
 garbage-first heap   total 342016K, used 247434K [0x0000000080000000, 0x0000000100000000)
  region size 1024K, 48 young (49152K), 10 survivors (10240K)
 Metaspace       used 202945K, committed 206080K, reserved 1245184K
  class space    used 25628K, committed 27200K, reserved 1048576K
}
Event: 1498.203 GC heap after
{Heap after GC invocations=66 (full 0):
 garbage-first heap   total 342016K, used 211510K [0x0000000080000000, 0x0000000100000000)
  region size 1024K, 4 young (4096K), 4 survivors (4096K)
 Metaspace       used 202945K, committed 206080K, reserved 1245184K
  class space    used 25628K, committed 27200K, reserved 1048576K
}

