# JRE version: OpenJDK Runtime Environment (21.0.6) (build 21.0.6+-13391695-b895.109)
# Java VM: OpenJDK 64-Bit Server VM (21.0.6+-13391695-b895.109, mixed mode, tiered, compressed oops, compressed class ptrs, g1 gc, windows-amd64)
GC Precious Log:
 CardTable entry size: 512
 Card Set container configuration: InlinePtr #cards 5 size 8 Array Of Cards #cards 12 size 40 Howl #buckets 4 coarsen threshold 1843 Howl Bitmap #cards 512 size 80 coarsen threshold 460 Card regions per heap region 1 cards per card region 2048
 CPUs: 4 total, 4 available
 Memory: 6058M
 Large Page Support: Disabled
 NUMA Support: Disabled
 Compressed Oops: Enabled (32-bit)
 Heap Region Size: 1M
 Heap Min Capacity: 8M
 Heap Initial Capacity: 96M
 Heap Max Capacity: 2G
 Pre-touch: Disabled
 Parallel Workers: 4
 Concurrent Workers: 1
 Concurrent Refinement Workers: 4
 Periodic GC: Disabled
Heap:
 garbage-first heap   total 342016K, used 177603K [0x0000000080000000, 0x0000000100000000)
  region size 1024K, 2 young (2048K), 2 survivors (2048K)
 Metaspace       used 206854K, committed 209792K, reserved 1310720K
  class space    used 25456K, committed 27648K, reserved 1048576K
GC Heap History (20 events):
Event: 1914.481 GC heap after
{Heap after GC invocations=98 (full 0):
 garbage-first heap   total 333824K, used 192512K [0x0000000080000000, 0x0000000100000000)
  region size 1024K, 3 young (3072K), 3 survivors (3072K)
 Metaspace       used 227582K, committed 230336K, reserved 1310720K
  class space    used 28381K, committed 29760K, reserved 1048576K
}
Event: 2155.035 GC heap before
{Heap before GC invocations=99 (full 0):
 garbage-first heap   total 342016K, used 308224K [0x0000000080000000, 0x0000000100000000)
  region size 1024K, 105 young (107520K), 3 survivors (3072K)
 Metaspace       used 225403K, committed 230144K, reserved 1310720K
  class space    used 27872K, committed 29760K, reserved 1048576K
}
Event: 2155.064 GC heap after
{Heap after GC invocations=100 (full 0):
 garbage-first heap   total 342016K, used 194553K [0x0000000080000000, 0x0000000100000000)
  region size 1024K, 10 young (10240K), 10 survivors (10240K)
 Metaspace       used 225403K, committed 230144K, reserved 1310720K
  class space    used 27872K, committed 29760K, reserved 1048576K
}
Event: 2160.570 GC heap before
{Heap before GC invocations=100 (full 0):
 garbage-first heap   total 342016K, used 310265K [0x0000000080000000, 0x0000000100000000)
  region size 1024K, 118 young (120832K), 10 survivors (10240K)
 Metaspace       used 228142K, committed 230912K, reserved 1310720K
  class space    used 28068K, committed 29760K, reserved 1048576K
}
Event: 2160.684 GC heap after
{Heap after GC invocations=101 (full 0):
 garbage-first heap   total 342016K, used 179076K [0x0000000080000000, 0x0000000100000000)
  region size 1024K, 6 young (6144K), 6 survivors (6144K)
 Metaspace       used 228142K, committed 230912K, reserved 1310720K
  class space    used 28068K, committed 29760K, reserved 1048576K
}
Event: 3027.201 GC heap before
{Heap before GC invocations=101 (full 0):
 garbage-first heap   total 342016K, used 321412K [0x0000000080000000, 0x0000000100000000)
  region size 1024K, 129 young (132096K), 6 survivors (6144K)
 Metaspace       used 228379K, committed 231040K, reserved 1310720K
  class space    used 28070K, committed 29760K, reserved 1048576K
}
Event: 3027.859 GC heap after
{Heap after GC invocations=102 (full 0):
 garbage-first heap   total 342016K, used 182335K [0x0000000080000000, 0x0000000100000000)
  region size 1024K, 13 young (13312K), 13 survivors (13312K)
 Metaspace       used 228379K, committed 231040K, reserved 1310720K
  class space    used 28070K, committed 29760K, reserved 1048576K
}
Event: 3028.805 GC heap before
{Heap before GC invocations=102 (full 0):
 garbage-first heap   total 342016K, used 201791K [0x0000000080000000, 0x0000000100000000)
  region size 1024K, 33 young (33792K), 13 survivors (13312K)
 Metaspace       used 228421K, committed 231104K, reserved 1310720K
  class space    used 28070K, committed 29760K, reserved 1048576K
}
Event: 3029.167 GC heap after
{Heap after GC invocations=103 (full 0):
 garbage-first heap   total 342016K, used 186708K [0x0000000080000000, 0x0000000100000000)
  region size 1024K, 4 young (4096K), 4 survivors (4096K)
 Metaspace       used 228421K, committed 231104K, reserved 1310720K
  class space    used 28070K, committed 29760K, reserved 1048576K
}
Event: 3057.369 GC heap before
{Heap before GC invocations=103 (full 0):
 garbage-first heap   total 342016K, used 239956K [0x0000000080000000, 0x0000000100000000)
  region size 1024K, 63 young (64512K), 4 survivors (4096K)
 Metaspace       used 206746K, committed 209728K, reserved 1310720K
  class space    used 25456K, committed 27648K, reserved 1048576K
}
Event: 3057.453 GC heap after
{Heap after GC invocations=104 (full 0):
 garbage-first heap   total 342016K, used 189952K [0x0000000080000000, 0x0000000100000000)
  region size 1024K, 8 young (8192K), 8 survivors (8192K)
 Metaspace       used 206746K, committed 209728K, reserved 1310720K
  class space    used 25456K, committed 27648K, reserved 1048576K
}
Event: 3059.079 GC heap before
{Heap before GC invocations=105 (full 0):
 garbage-first heap   total 342016K, used 218624K [0x0000000080000000, 0x0000000100000000)
  region size 1024K, 37 young (37888K), 8 survivors (8192K)
 Metaspace       used 206792K, committed 209792K, reserved 1310720K
  class space    used 25456K, committed 27648K, reserved 1048576K
}
Event: 3059.134 GC heap after
{Heap after GC invocations=106 (full 0):
 garbage-first heap   total 342016K, used 187906K [0x0000000080000000, 0x0000000100000000)
  region size 1024K, 2 young (2048K), 2 survivors (2048K)
 Metaspace       used 206792K, committed 209792K, reserved 1310720K
  class space    used 25456K, committed 27648K, reserved 1048576K
}
Event: 4629.508 GC heap before
{Heap before GC invocations=106 (full 0):
 garbage-first heap   total 342016K, used 253442K [0x0000000080000000, 0x0000000100000000)
  region size 1024K, 50 young (51200K), 2 survivors (2048K)
 Metaspace       used 206817K, committed 209792K, reserved 1310720K
  class space    used 25456K, committed 27648K, reserved 1048576K
}
Event: 4630.257 GC heap after
{Heap after GC invocations=107 (full 0):
 garbage-first heap   total 342016K, used 184285K [0x0000000080000000, 0x0000000100000000)
  region size 1024K, 3 young (3072K), 3 survivors (3072K)
 Metaspace       used 206817K, committed 209792K, reserved 1310720K
  class space    used 25456K, committed 27648K, reserved 1048576K
}
Event: 4630.448 GC heap before
{Heap before GC invocations=107 (full 0):
 garbage-first heap   total 342016K, used 197597K [0x0000000080000000, 0x0000000100000000)
  region size 1024K, 16 young (16384K), 3 survivors (3072K)
 Metaspace       used 206817K, committed 209792K, reserved 1310720K
  class space    used 25456K, committed 27648K, reserved 1048576K
}
Event: 4630.853 GC heap after
{Heap after GC invocations=108 (full 0):
 garbage-first heap   total 342016K, used 179632K [0x0000000080000000, 0x0000000100000000)
  region size 1024K, 1 young (1024K), 1 survivors (1024K)
 Metaspace       used 206817K, committed 209792K, reserved 1310720K
  class space    used 25456K, committed 27648K, reserved 1048576K
}
Event: 4633.887 GC heap before
{Heap before GC invocations=108 (full 0):
 garbage-first heap   total 342016K, used 194992K [0x0000000080000000, 0x0000000100000000)
  region size 1024K, 16 young (16384K), 1 survivors (1024K)
 Metaspace       used 206841K, committed 209792K, reserved 1310720K
  class space    used 25456K, committed 27648K, reserved 1048576K
}
Event: 4634.740 GC heap after
{Heap after GC invocations=109 (full 0):
 garbage-first heap   total 342016K, used 178487K [0x0000000080000000, 0x0000000100000000)
  region size 1024K, 2 young (2048K), 2 survivors (2048K)
 Metaspace       used 206841K, committed 209792K, reserved 1310720K
  class space    used 25456K, committed 27648K, reserved 1048576K
}
Event: 4636.350 GC heap before
{Heap before GC invocations=109 (full 0):
 garbage-first heap   total 342016K, used 191799K [0x0000000080000000, 0x0000000100000000)
  region size 1024K, 16 young (16384K), 2 survivors (2048K)
 Metaspace       used 206854K, committed 209792K, reserved 1310720K
  class space    used 25456K, committed 27648K, reserved 1048576K
}

